sticker-core/build/intermediates/manifest_merge_blame_file/release/processReleaseManifest/manifest-merger-blame-release-report.txt
1<?xml version="1.0" encoding="utf-8"?>
2<!-- Engineered by uncoalesced -->
3<manifest xmlns:android="http://schemas.android.com/apk/res/android"
4    package="com.uncoalesced.stickykeys.stickercore" >
5
6    <uses-sdk android:minSdkVersion="26" />
6-->INJECTED
6-->INJECTED
7
8</manifest>